<?xml version="1.0" encoding="UTF-8"?>
<!-- Generated by org.testng.reporters.JUnitXMLReporter -->
<testsuite ignored="0" hostname="DESKTOP-H89D89M" failures="0" tests="6" name="Default test" time="33.461" errors="0" timestamp="2023-04-23T18:28:00 CEST">
  <testcase classname="login.LoginTests" name="validateEmailAndPasswordBlankFields" time="0.488"/>
  <testcase classname="login.LoginTests" name="validatePasswordBlankField" time="1.698"/>
  <testcase classname="login.LoginTests" name="validateEmailFieldWithoutAtSign" time="0.523"/>
  <testcase classname="login.LoginTests" name="validateEmailFieldWithoutDoaminName" time="0.514"/>
  <testcase classname="login.LoginTests" name="validateEmailFieldWithoutUserName" time="0.521"/>
  <testcase classname="login.LoginTests" name="validateInvalidEmailAndPassword" time="2.197"/>
</testsuite> <!-- Default test -->
