<?xml version="1.0" encoding="UTF-8"?>
<testng-results ignored="0" total="6" passed="6" failed="0" skipped="0">
  <reporter-output>
  </reporter-output>
  <suite started-at="2023-04-23T18:27:27 CEST" name="Default suite" finished-at="2023-04-23T18:28:00 CEST" duration-ms="33461">
    <groups>
    </groups>
    <test started-at="2023-04-23T18:27:27 CEST" name="Default test" finished-at="2023-04-23T18:28:00 CEST" duration-ms="33461">
      <class name="login.LoginTests">
        <test-method is-config="true" signature="prepareTestDataReader()[pri:0, instance:login.LoginTests@1e1a0406]" started-at="2023-04-23T18:27:27 CEST" name="prepareTestDataReader" finished-at="2023-04-23T18:27:27 CEST" duration-ms="636" status="PASS">
          <reporter-output>
          </reporter-output>
        </test-method> <!-- prepareTestDataReader -->
        <test-method is-config="true" signature="CheckHomePageLoadedThenClickLogin()[pri:0, instance:login.LoginTests@1e1a0406]" started-at="2023-04-23T18:27:27 CEST" name="CheckHomePageLoadedThenClickLogin" finished-at="2023-04-23T18:27:33 CEST" duration-ms="5277" status="PASS">
          <reporter-output>
          </reporter-output>
        </test-method> <!-- CheckHomePageLoadedThenClickLogin -->
        <test-method signature="validateEmailAndPasswordBlankFields()[pri:1, instance:login.LoginTests@1e1a0406]" started-at="2023-04-23T18:27:33 CEST" name="validateEmailAndPasswordBlankFields" description="Validate email and password blank fields" finished-at="2023-04-23T18:27:33 CEST" duration-ms="488" status="PASS">
          <reporter-output>
          </reporter-output>
        </test-method> <!-- validateEmailAndPasswordBlankFields -->
        <test-method is-config="true" signature="closeDriver()[pri:0, instance:login.LoginTests@1e1a0406]" started-at="2023-04-23T18:27:33 CEST" name="closeDriver" finished-at="2023-04-23T18:27:33 CEST" duration-ms="66" status="PASS">
          <reporter-output>
          </reporter-output>
        </test-method> <!-- closeDriver -->
        <test-method is-config="true" signature="CheckHomePageLoadedThenClickLogin()[pri:0, instance:login.LoginTests@1e1a0406]" started-at="2023-04-23T18:27:33 CEST" name="CheckHomePageLoadedThenClickLogin" finished-at="2023-04-23T18:27:39 CEST" duration-ms="5430" status="PASS">
          <reporter-output>
          </reporter-output>
        </test-method> <!-- CheckHomePageLoadedThenClickLogin -->
        <test-method signature="validatePasswordBlankField()[pri:2, instance:login.LoginTests@1e1a0406]" started-at="2023-04-23T18:27:39 CEST" name="validatePasswordBlankField" description="Validate when password is a blank field" finished-at="2023-04-23T18:27:40 CEST" duration-ms="1698" status="PASS">
          <reporter-output>
          </reporter-output>
        </test-method> <!-- validatePasswordBlankField -->
        <test-method is-config="true" signature="closeDriver()[pri:0, instance:login.LoginTests@1e1a0406]" started-at="2023-04-23T18:27:40 CEST" name="closeDriver" finished-at="2023-04-23T18:27:40 CEST" duration-ms="67" status="PASS">
          <reporter-output>
          </reporter-output>
        </test-method> <!-- closeDriver -->
        <test-method is-config="true" signature="CheckHomePageLoadedThenClickLogin()[pri:0, instance:login.LoginTests@1e1a0406]" started-at="2023-04-23T18:27:40 CEST" name="CheckHomePageLoadedThenClickLogin" finished-at="2023-04-23T18:27:45 CEST" duration-ms="4189" status="PASS">
          <reporter-output>
          </reporter-output>
        </test-method> <!-- CheckHomePageLoadedThenClickLogin -->
        <test-method signature="validateEmailFieldWithoutAtSign()[pri:3, instance:login.LoginTests@1e1a0406]" started-at="2023-04-23T18:27:45 CEST" name="validateEmailFieldWithoutAtSign" description="Validate email when it doesn&#039;t have @" finished-at="2023-04-23T18:27:45 CEST" duration-ms="523" status="PASS">
          <reporter-output>
          </reporter-output>
        </test-method> <!-- validateEmailFieldWithoutAtSign -->
        <test-method is-config="true" signature="closeDriver()[pri:0, instance:login.LoginTests@1e1a0406]" started-at="2023-04-23T18:27:45 CEST" name="closeDriver" finished-at="2023-04-23T18:27:45 CEST" duration-ms="69" status="PASS">
          <reporter-output>
          </reporter-output>
        </test-method> <!-- closeDriver -->
        <test-method is-config="true" signature="CheckHomePageLoadedThenClickLogin()[pri:0, instance:login.LoginTests@1e1a0406]" started-at="2023-04-23T18:27:45 CEST" name="CheckHomePageLoadedThenClickLogin" finished-at="2023-04-23T18:27:49 CEST" duration-ms="3782" status="PASS">
          <reporter-output>
          </reporter-output>
        </test-method> <!-- CheckHomePageLoadedThenClickLogin -->
        <test-method signature="validateEmailFieldWithoutDoaminName()[pri:4, instance:login.LoginTests@1e1a0406]" started-at="2023-04-23T18:27:49 CEST" name="validateEmailFieldWithoutDoaminName" description="Validate email when it doesn&#039;t have domain name" finished-at="2023-04-23T18:27:49 CEST" duration-ms="514" status="PASS">
          <reporter-output>
          </reporter-output>
        </test-method> <!-- validateEmailFieldWithoutDoaminName -->
        <test-method is-config="true" signature="closeDriver()[pri:0, instance:login.LoginTests@1e1a0406]" started-at="2023-04-23T18:27:49 CEST" name="closeDriver" finished-at="2023-04-23T18:27:49 CEST" duration-ms="70" status="PASS">
          <reporter-output>
          </reporter-output>
        </test-method> <!-- closeDriver -->
        <test-method is-config="true" signature="CheckHomePageLoadedThenClickLogin()[pri:0, instance:login.LoginTests@1e1a0406]" started-at="2023-04-23T18:27:49 CEST" name="CheckHomePageLoadedThenClickLogin" finished-at="2023-04-23T18:27:53 CEST" duration-ms="3847" status="PASS">
          <reporter-output>
          </reporter-output>
        </test-method> <!-- CheckHomePageLoadedThenClickLogin -->
        <test-method signature="validateEmailFieldWithoutUserName()[pri:5, instance:login.LoginTests@1e1a0406]" started-at="2023-04-23T18:27:53 CEST" name="validateEmailFieldWithoutUserName" description="Validate email when it doesn&#039;t have user name" finished-at="2023-04-23T18:27:54 CEST" duration-ms="521" status="PASS">
          <reporter-output>
          </reporter-output>
        </test-method> <!-- validateEmailFieldWithoutUserName -->
        <test-method is-config="true" signature="closeDriver()[pri:0, instance:login.LoginTests@1e1a0406]" started-at="2023-04-23T18:27:54 CEST" name="closeDriver" finished-at="2023-04-23T18:27:54 CEST" duration-ms="59" status="PASS">
          <reporter-output>
          </reporter-output>
        </test-method> <!-- closeDriver -->
        <test-method is-config="true" signature="CheckHomePageLoadedThenClickLogin()[pri:0, instance:login.LoginTests@1e1a0406]" started-at="2023-04-23T18:27:54 CEST" name="CheckHomePageLoadedThenClickLogin" finished-at="2023-04-23T18:27:58 CEST" duration-ms="3933" status="PASS">
          <reporter-output>
          </reporter-output>
        </test-method> <!-- CheckHomePageLoadedThenClickLogin -->
        <test-method signature="validateInvalidEmailAndPassword()[pri:6, instance:login.LoginTests@1e1a0406]" started-at="2023-04-23T18:27:58 CEST" name="validateInvalidEmailAndPassword" description="Validate invalid username and password" finished-at="2023-04-23T18:28:00 CEST" duration-ms="2197" status="PASS">
          <reporter-output>
          </reporter-output>
        </test-method> <!-- validateInvalidEmailAndPassword -->
        <test-method is-config="true" signature="closeDriver()[pri:0, instance:login.LoginTests@1e1a0406]" started-at="2023-04-23T18:28:00 CEST" name="closeDriver" finished-at="2023-04-23T18:28:00 CEST" duration-ms="58" status="PASS">
          <reporter-output>
          </reporter-output>
        </test-method> <!-- closeDriver -->
      </class> <!-- login.LoginTests -->
    </test> <!-- Default test -->
  </suite> <!-- Default suite -->
</testng-results>
